<?xml version="1.0" encoding="UTF-8"?>
<!-- Generated by org.testng.reporters.JUnitXMLReporter -->
<testsuite hostname="kineticskunk-ThinkPad-T420" name="Surefire test" tests="9" failures="0" timestamp="14 Feb 2019 12:04:31 GMT" time="3.025" errors="0">
  <testcase name="iPerformAPOSTOperation" time="0.705" classname="steps.GetPostSteps"/>
  <testcase name="iPerformGETOperation" time="0.003" classname="steps.GetPostSteps"/>
  <testcase name="i_change_name" time="2.291" classname="steps.GetPostSteps"/>
  <testcase name="i_delete" time="0.001" classname="steps.GetPostSteps">
    <skipped/>
  </testcase> <!-- i_delete -->
  <testcase name="i_perform_Delete_operation" time="0.003" classname="steps.GetPostSteps"/>
  <testcase name="i_perform_GET_for_the_post_number" time="0.001" classname="steps.GetPostSteps">
    <skipped/>
  </testcase> <!-- i_perform_GET_for_the_post_number -->
  <testcase name="i_perform_a_Update_operation" time="0.002" classname="steps.GetPostSteps"/>
  <testcase name="i_post_a_new_and" time="0.0" classname="steps.GetPostSteps">
    <skipped/>
  </testcase> <!-- i_post_a_new_and -->
  <testcase name="responseCodeShouldBe" time="0.0" classname="steps.GetPostSteps">
    <skipped/>
  </testcase> <!-- responseCodeShouldBe -->
</testsuite> <!-- Surefire test -->
