<?xml version="1.0" encoding="UTF-8"?>
<testsuite xmlns:xsi="http://www.w3.org/2001/XMLSchema-instance" xsi:noNamespaceSchemaLocation="https://maven.apache.org/surefire/maven-surefire-plugin/xsd/surefire-test-report.xsd" name="steps.GetPostSteps" time="3.518" tests="9" errors="0" skipped="4" failures="0">
  <properties>
[...]
</properties>
  <testcase name="iPerformAPOSTOperation" classname="steps.GetPostSteps" time="0.704"/>
  <testcase name="iPerformGETOperation" classname="steps.GetPostSteps" time="0.002"/>
  <testcase name="i_change_name" classname="steps.GetPostSteps" time="2.29"/>
  <testcase name="i_delete" classname="steps.GetPostSteps" time="0">
    <skipped message="&#10;Method i_delete requires 1 parameters but 0 were supplied in the @Test annotation."/>
  </testcase>
  <testcase name="i_perform_Delete_operation" classname="steps.GetPostSteps" time="0.002"/>
  <testcase name="i_perform_GET_for_the_post_number" classname="steps.GetPostSteps" time="0">
    <skipped message="&#10;Method i_perform_GET_for_the_post_number requires 1 parameters but 0 were supplied in the @Test annotation."/>
  </testcase>
  <testcase name="i_perform_a_Update_operation" classname="steps.GetPostSteps" time="0.002"/>
  <testcase name="i_post_a_new_and" classname="steps.GetPostSteps" time="0">
    <skipped message="&#10;Method i_post_a_new_and requires 4 parameters but 0 were supplied in the @Test annotation."/>
  </testcase>
  <testcase name="responseCodeShouldBe" classname="steps.GetPostSteps" time="0">
    <skipped message="&#10;Method responseCodeShouldBe requires 1 parameters but 0 were supplied in the @Test annotation."/>
  </testcase>
</testsuite>